Automated commit on Tue Mar 25 01:11:43 UTC 2025
Automated commit on Wed Mar 26 01:11:11 UTC 2025
Automated commit on Thu Mar 27 01:10:43 UTC 2025
Automated commit on Fri Mar 28 01:10:54 UTC 2025
Automated commit on Sat Mar 29 01:10:13 UTC 2025
Automated commit on Sun Mar 30 01:16:35 UTC 2025
Automated commit on Mon Mar 31 01:14:54 UTC 2025
Automated commit on Tue Apr  1 01:19:47 UTC 2025
Automated commit on Wed Apr  2 01:12:19 UTC 2025
Automated commit on Thu Apr  3 01:11:28 UTC 2025
Automated commit on Fri Apr  4 01:11:27 UTC 2025
Automated commit on Sat Apr  5 01:10:20 UTC 2025
Automated commit on Sun Apr  6 01:15:51 UTC 2025
Automated commit on Mon Apr  7 01:13:51 UTC 2025
Automated commit on Tue Apr  8 01:11:53 UTC 2025
Automated commit on Wed Apr  9 01:12:03 UTC 2025
Automated commit on Thu Apr 10 01:12:00 UTC 2025
Automated commit on Fri Apr 11 01:12:35 UTC 2025
Automated commit on Sat Apr 12 01:10:53 UTC 2025
Automated commit on Sun Apr 13 02:39:49 UTC 2025
Automated commit on Mon Apr 14 01:15:14 UTC 2025
Automated commit on Tue Apr 15 01:14:24 UTC 2025
Automated commit on Wed Apr 16 01:13:51 UTC 2025
Automated commit on Thu Apr 17 01:12:59 UTC 2025
Automated commit on Fri Apr 18 01:12:21 UTC 2025
Automated commit on Sat Apr 19 01:10:12 UTC 2025
Automated commit on Sun Apr 20 01:18:01 UTC 2025
Automated commit on Mon Apr 21 01:16:38 UTC 2025
Automated commit on Tue Apr 22 01:13:23 UTC 2025
Automated commit on Wed Apr 23 01:13:32 UTC 2025
Automated commit on Thu Apr 24 01:13:44 UTC 2025
Automated commit on Fri Apr 25 01:14:09 UTC 2025
Automated commit on Sat Apr 26 01:11:25 UTC 2025
Automated commit on Sun Apr 27 01:18:07 UTC 2025
Automated commit on Mon Apr 28 01:16:01 UTC 2025
Automated commit on Tue Apr 29 01:14:08 UTC 2025
Automated commit on Wed Apr 30 01:14:26 UTC 2025
Automated commit on Thu May  1 01:20:52 UTC 2025
Automated commit on Fri May  2 01:14:44 UTC 2025
Automated commit on Sat May  3 01:13:06 UTC 2025
Automated commit on Sun May  4 01:21:34 UTC 2025
Automated commit on Mon May  5 01:17:46 UTC 2025
